Navigating to https://www.xome.com/auctions/listing/WA/Spokane
Nodes matching address: 2
Tag: span, Class: None
Tag: span, Class: None
Tag: a, Class: ['address-linktext']
Tag: address, Class: None
Tag: div, Class: ['left-column']
Tag: div, Class: ['two-column-section']
Tag: div, Class: ['property-assets']
Tag: div, Class: ['srp-property-card-inner']
Tag: div, Class: ['srp-property-card']
Tag: div, Class: ['list-view-body']
Tag: div, Class: ['list-view']
Tag: div, Class: ['property-listings']
Tag: div, Class: ['srp-container']
Tag: div, Class: []
Tag: div, Class: None
Tag: span, Class: None
Tag: span, Class: None
Tag: a, Class: ['address-linktext']
Tag: address, Class: None
Tag: div, Class: ['property-assets']
Tag: div, Class: ['srp-property-card-inner']
Tag: div, Class: ['srp-property-card', 'mb-property']
Tag: div, Class: ['mb-map-propertycard-wrapper']
Tag: div, Class: ['mb-map-property-container']
Tag: div, Class: ['map-container']
Tag: div, Class: ['map-view']
Tag: div, Class: ['property-listings']
Tag: div, Class: ['srp-container']
Tag: div, Class: []
Tag: div, Class: None
